# JRE version: OpenJDK Runtime Environment (17.0.6) (build 17.0.6+0-b2043.56-10027231)
# Java VM: OpenJDK 64-Bit Server VM (17.0.6+0-b2043.56-10027231, mixed mode, tiered, compressed oops, compressed class ptrs, g1 gc, windows-amd64)
GC Precious Log:
 CPUs: 8 total, 8 available
 Memory: 12285M
 Large Page Support: Disabled
 NUMA Support: Disabled
 Compressed Oops: Enabled (32-bit)
 Heap Region Size: 1M
 Heap Min Capacity: 8M
 Heap Initial Capacity: 192M
 Heap Max Capacity: 2G
 Pre-touch: Disabled
 Parallel Workers: 8
 Concurrent Workers: 2
 Concurrent Refinement Workers: 8
 Periodic GC: Disabled
Heap:
 garbage-first heap   total 155648K, used 61230K [0x0000000080000000, 0x0000000100000000)
  region size 1024K, 2 young (2048K), 2 survivors (2048K)
 Metaspace       used 73059K, committed 73600K, reserved 1114112K
  class space    used 9871K, committed 10112K, reserved 1048576K
GC Heap History (20 events):
Event: 7.025 GC heap after
{Heap after GC invocations=19 (full 0):
 garbage-first heap   total 82944K, used 47334K [0x0000000080000000, 0x0000000100000000)
  region size 1024K, 1 young (1024K), 1 survivors (1024K)
 Metaspace       used 54164K, committed 54592K, reserved 1097728K
  class space    used 7182K, committed 7360K, reserved 1048576K
}
Event: 7.316 GC heap before
{Heap before GC invocations=19 (full 0):
 garbage-first heap   total 82944K, used 64742K [0x0000000080000000, 0x0000000100000000)
  region size 1024K, 18 young (18432K), 1 survivors (1024K)
 Metaspace       used 56934K, committed 57344K, reserved 1105920K
  class space    used 7510K, committed 7680K, reserved 1048576K
}
Event: 7.318 GC heap after
{Heap after GC invocations=20 (full 0):
 garbage-first heap   total 114688K, used 47710K [0x0000000080000000, 0x0000000100000000)
  region size 1024K, 1 young (1024K), 1 survivors (1024K)
 Metaspace       used 56934K, committed 57344K, reserved 1105920K
  class space    used 7510K, committed 7680K, reserved 1048576K
}
Event: 8.022 GC heap before
{Heap before GC invocations=21 (full 0):
 garbage-first heap   total 114688K, used 88670K [0x0000000080000000, 0x0000000100000000)
  region size 1024K, 37 young (37888K), 1 survivors (1024K)
 Metaspace       used 62757K, committed 63296K, reserved 1105920K
  class space    used 8294K, committed 8576K, reserved 1048576K
}
Event: 8.028 GC heap after
{Heap after GC invocations=22 (full 0):
 garbage-first heap   total 114688K, used 55524K [0x0000000080000000, 0x0000000100000000)
  region size 1024K, 5 young (5120K), 5 survivors (5120K)
 Metaspace       used 62757K, committed 63296K, reserved 1105920K
  class space    used 8294K, committed 8576K, reserved 1048576K
}
Event: 8.032 GC heap before
{Heap before GC invocations=22 (full 0):
 garbage-first heap   total 114688K, used 56548K [0x0000000080000000, 0x0000000100000000)
  region size 1024K, 6 young (6144K), 5 survivors (5120K)
 Metaspace       used 62757K, committed 63296K, reserved 1105920K
  class space    used 8294K, committed 8576K, reserved 1048576K
}
Event: 8.038 GC heap after
{Heap after GC invocations=23 (full 0):
 garbage-first heap   total 114688K, used 56102K [0x0000000080000000, 0x0000000100000000)
  region size 1024K, 1 young (1024K), 1 survivors (1024K)
 Metaspace       used 62757K, committed 63296K, reserved 1105920K
  class space    used 8294K, committed 8576K, reserved 1048576K
}
Event: 8.068 GC heap before
{Heap before GC invocations=23 (full 0):
 garbage-first heap   total 114688K, used 58150K [0x0000000080000000, 0x0000000100000000)
  region size 1024K, 4 young (4096K), 1 survivors (1024K)
 Metaspace       used 62763K, committed 63296K, reserved 1105920K
  class space    used 8294K, committed 8576K, reserved 1048576K
}
Event: 8.070 GC heap after
{Heap after GC invocations=24 (full 0):
 garbage-first heap   total 114688K, used 55696K [0x0000000080000000, 0x0000000100000000)
  region size 1024K, 1 young (1024K), 1 survivors (1024K)
 Metaspace       used 62763K, committed 63296K, reserved 1105920K
  class space    used 8294K, committed 8576K, reserved 1048576K
}
Event: 8.560 GC heap before
{Heap before GC invocations=25 (full 0):
 garbage-first heap   total 114688K, used 90512K [0x0000000080000000, 0x0000000100000000)
  region size 1024K, 33 young (33792K), 1 survivors (1024K)
 Metaspace       used 65760K, committed 66368K, reserved 1114112K
  class space    used 8683K, committed 8960K, reserved 1048576K
}
Event: 8.563 GC heap after
{Heap after GC invocations=26 (full 0):
 garbage-first heap   total 114688K, used 58577K [0x0000000080000000, 0x0000000100000000)
  region size 1024K, 3 young (3072K), 3 survivors (3072K)
 Metaspace       used 65760K, committed 66368K, reserved 1114112K
  class space    used 8683K, committed 8960K, reserved 1048576K
}
Event: 8.586 GC heap before
{Heap before GC invocations=26 (full 0):
 garbage-first heap   total 114688K, used 59601K [0x0000000080000000, 0x0000000100000000)
  region size 1024K, 5 young (5120K), 3 survivors (3072K)
 Metaspace       used 66033K, committed 66560K, reserved 1114112K
  class space    used 8720K, committed 8960K, reserved 1048576K
}
Event: 8.589 GC heap after
{Heap after GC invocations=27 (full 0):
 garbage-first heap   total 114688K, used 58591K [0x0000000080000000, 0x0000000100000000)
  region size 1024K, 1 young (1024K), 1 survivors (1024K)
 Metaspace       used 66033K, committed 66560K, reserved 1114112K
  class space    used 8720K, committed 8960K, reserved 1048576K
}
Event: 8.908 GC heap before
{Heap before GC invocations=27 (full 0):
 garbage-first heap   total 114688K, used 90335K [0x0000000080000000, 0x0000000100000000)
  region size 1024K, 32 young (32768K), 1 survivors (1024K)
 Metaspace       used 66919K, committed 67456K, reserved 1114112K
  class space    used 8845K, committed 9088K, reserved 1048576K
}
Event: 8.913 GC heap after
{Heap after GC invocations=28 (full 0):
 garbage-first heap   total 114688K, used 61446K [0x0000000080000000, 0x0000000100000000)
  region size 1024K, 4 young (4096K), 4 survivors (4096K)
 Metaspace       used 66919K, committed 67456K, reserved 1114112K
  class space    used 8845K, committed 9088K, reserved 1048576K
}
Event: 9.298 GC heap before
{Heap before GC invocations=29 (full 0):
 garbage-first heap   total 114688K, used 87046K [0x0000000080000000, 0x0000000100000000)
  region size 1024K, 33 young (33792K), 4 survivors (4096K)
 Metaspace       used 69068K, committed 69632K, reserved 1114112K
  class space    used 9134K, committed 9408K, reserved 1048576K
}
Event: 9.308 GC heap after
{Heap after GC invocations=30 (full 0):
 garbage-first heap   total 114688K, used 60444K [0x0000000080000000, 0x0000000100000000)
  region size 1024K, 4 young (4096K), 4 survivors (4096K)
 Metaspace       used 69068K, committed 69632K, reserved 1114112K
  class space    used 9134K, committed 9408K, reserved 1048576K
}
Event: 9.326 GC heap before
{Heap before GC invocations=30 (full 0):
 garbage-first heap   total 114688K, used 61468K [0x0000000080000000, 0x0000000100000000)
  region size 1024K, 5 young (5120K), 4 survivors (4096K)
 Metaspace       used 69213K, committed 69760K, reserved 1114112K
  class space    used 9152K, committed 9408K, reserved 1048576K
}
Event: 9.329 GC heap after
{Heap after GC invocations=31 (full 0):
 garbage-first heap   total 114688K, used 59982K [0x0000000080000000, 0x0000000100000000)
  region size 1024K, 1 young (1024K), 1 survivors (1024K)
 Metaspace       used 69213K, committed 69760K, reserved 1114112K
  class space    used 9152K, committed 9408K, reserved 1048576K
}
Event: 9.806 GC heap before
{Heap before GC invocations=31 (full 0):
 garbage-first heap   total 114688K, used 90702K [0x0000000080000000, 0x0000000100000000)
  region size 1024K, 31 young (31744K), 1 survivors (1024K)
 Metaspace       used 73059K, committed 73600K, reserved 1114112K
  class space    used 9871K, committed 10112K, reserved 1048576K
}

