# JRE version: OpenJDK Runtime Environment (17.0.6) (build 17.0.6+0-b2043.56-10027231)
# Java VM: OpenJDK 64-Bit Server VM (17.0.6+0-b2043.56-10027231, mixed mode, tiered, compressed oops, compressed class ptrs, g1 gc, windows-amd64)
GC Precious Log:
 CPUs: 8 total, 8 available
 Memory: 12285M
 Large Page Support: Disabled
 NUMA Support: Disabled
 Compressed Oops: Enabled (32-bit)
 Heap Region Size: 1M
 Heap Min Capacity: 8M
 Heap Initial Capacity: 192M
 Heap Max Capacity: 2G
 Pre-touch: Disabled
 Parallel Workers: 8
 Concurrent Workers: 2
 Concurrent Refinement Workers: 8
 Periodic GC: Disabled
Heap:
 garbage-first heap   total 153600K, used 54787K [0x0000000080000000, 0x0000000100000000)
  region size 1024K, 3 young (3072K), 3 survivors (3072K)
 Metaspace       used 66740K, committed 67264K, reserved 1114112K
  class space    used 8819K, committed 9088K, reserved 1048576K
GC Heap History (20 events):
Event: 4.115 GC heap after
{Heap after GC invocations=9 (full 0):
 garbage-first heap   total 65536K, used 23864K [0x0000000080000000, 0x0000000100000000)
  region size 1024K, 3 young (3072K), 3 survivors (3072K)
 Metaspace       used 35629K, committed 35968K, reserved 1081344K
  class space    used 4880K, committed 5056K, reserved 1048576K
}
Event: 4.565 GC heap before
{Heap before GC invocations=10 (full 0):
 garbage-first heap   total 65536K, used 48440K [0x0000000080000000, 0x0000000100000000)
  region size 1024K, 28 young (28672K), 3 survivors (3072K)
 Metaspace       used 40395K, committed 40768K, reserved 1089536K
  class space    used 5359K, committed 5504K, reserved 1048576K
}
Event: 4.572 GC heap after
{Heap after GC invocations=11 (full 0):
 garbage-first heap   total 65536K, used 27503K [0x0000000080000000, 0x0000000100000000)
  region size 1024K, 4 young (4096K), 4 survivors (4096K)
 Metaspace       used 40395K, committed 40768K, reserved 1089536K
  class space    used 5359K, committed 5504K, reserved 1048576K
}
Event: 4.579 GC heap before
{Heap before GC invocations=11 (full 0):
 garbage-first heap   total 65536K, used 28527K [0x0000000080000000, 0x0000000100000000)
  region size 1024K, 5 young (5120K), 4 survivors (4096K)
 Metaspace       used 40395K, committed 40768K, reserved 1089536K
  class space    used 5359K, committed 5504K, reserved 1048576K
}
Event: 4.585 GC heap after
{Heap after GC invocations=12 (full 0):
 garbage-first heap   total 96256K, used 27928K [0x0000000080000000, 0x0000000100000000)
  region size 1024K, 1 young (1024K), 1 survivors (1024K)
 Metaspace       used 40395K, committed 40768K, reserved 1089536K
  class space    used 5359K, committed 5504K, reserved 1048576K
}
Event: 5.280 GC heap before
{Heap before GC invocations=12 (full 0):
 garbage-first heap   total 96256K, used 75032K [0x0000000080000000, 0x0000000100000000)
  region size 1024K, 44 young (45056K), 1 survivors (1024K)
 Metaspace       used 44505K, committed 44928K, reserved 1089536K
  class space    used 5876K, committed 6080K, reserved 1048576K
}
Event: 5.287 GC heap after
{Heap after GC invocations=13 (full 0):
 garbage-first heap   total 96256K, used 32225K [0x0000000080000000, 0x0000000100000000)
  region size 1024K, 5 young (5120K), 5 survivors (5120K)
 Metaspace       used 44505K, committed 44928K, reserved 1089536K
  class space    used 5876K, committed 6080K, reserved 1048576K
}
Event: 6.010 GC heap before
{Heap before GC invocations=13 (full 0):
 garbage-first heap   total 96256K, used 72161K [0x0000000080000000, 0x0000000100000000)
  region size 1024K, 44 young (45056K), 5 survivors (5120K)
 Metaspace       used 50422K, committed 50880K, reserved 1097728K
  class space    used 6686K, committed 6912K, reserved 1048576K
}
Event: 6.016 GC heap after
{Heap after GC invocations=14 (full 0):
 garbage-first heap   total 96256K, used 34270K [0x0000000080000000, 0x0000000100000000)
  region size 1024K, 2 young (2048K), 2 survivors (2048K)
 Metaspace       used 50422K, committed 50880K, reserved 1097728K
  class space    used 6686K, committed 6912K, reserved 1048576K
}
Event: 6.631 GC heap before
{Heap before GC invocations=14 (full 0):
 garbage-first heap   total 96256K, used 76254K [0x0000000080000000, 0x0000000100000000)
  region size 1024K, 41 young (41984K), 2 survivors (2048K)
 Metaspace       used 51873K, committed 52288K, reserved 1097728K
  class space    used 6857K, committed 7040K, reserved 1048576K
}
Event: 6.637 GC heap after
{Heap after GC invocations=15 (full 0):
 garbage-first heap   total 96256K, used 43286K [0x0000000080000000, 0x0000000100000000)
  region size 1024K, 6 young (6144K), 6 survivors (6144K)
 Metaspace       used 51873K, committed 52288K, reserved 1097728K
  class space    used 6857K, committed 7040K, reserved 1048576K
}
Event: 7.085 GC heap before
{Heap before GC invocations=15 (full 0):
 garbage-first heap   total 96256K, used 74006K [0x0000000080000000, 0x0000000100000000)
  region size 1024K, 36 young (36864K), 6 survivors (6144K)
 Metaspace       used 55607K, committed 56128K, reserved 1097728K
  class space    used 7380K, committed 7616K, reserved 1048576K
}
Event: 7.094 GC heap after
{Heap after GC invocations=16 (full 0):
 garbage-first heap   total 96256K, used 47055K [0x0000000080000000, 0x0000000100000000)
  region size 1024K, 4 young (4096K), 4 survivors (4096K)
 Metaspace       used 55607K, committed 56128K, reserved 1097728K
  class space    used 7380K, committed 7616K, reserved 1048576K
}
Event: 7.538 GC heap before
{Heap before GC invocations=16 (full 0):
 garbage-first heap   total 96256K, used 70607K [0x0000000080000000, 0x0000000100000000)
  region size 1024K, 29 young (29696K), 4 survivors (4096K)
 Metaspace       used 59888K, committed 60416K, reserved 1105920K
  class space    used 7921K, committed 8192K, reserved 1048576K
}
Event: 7.542 GC heap after
{Heap after GC invocations=17 (full 0):
 garbage-first heap   total 96256K, used 47854K [0x0000000080000000, 0x0000000100000000)
  region size 1024K, 1 young (1024K), 1 survivors (1024K)
 Metaspace       used 59888K, committed 60416K, reserved 1105920K
  class space    used 7921K, committed 8192K, reserved 1048576K
}
Event: 7.894 GC heap before
{Heap before GC invocations=18 (full 0):
 garbage-first heap   total 96256K, used 61166K [0x0000000080000000, 0x0000000100000000)
  region size 1024K, 15 young (15360K), 1 survivors (1024K)
 Metaspace       used 62752K, committed 63296K, reserved 1105920K
  class space    used 8299K, committed 8576K, reserved 1048576K
}
Event: 7.898 GC heap after
{Heap after GC invocations=19 (full 0):
 garbage-first heap   total 96256K, used 49741K [0x0000000080000000, 0x0000000100000000)
  region size 1024K, 3 young (3072K), 3 survivors (3072K)
 Metaspace       used 62752K, committed 63296K, reserved 1105920K
  class space    used 8299K, committed 8576K, reserved 1048576K
}
Event: 8.234 GC heap before
{Heap before GC invocations=20 (full 0):
 garbage-first heap   total 106496K, used 80461K [0x0000000080000000, 0x0000000100000000)
  region size 1024K, 27 young (27648K), 3 survivors (3072K)
 Metaspace       used 64254K, committed 64832K, reserved 1105920K
  class space    used 8496K, committed 8768K, reserved 1048576K
}
Event: 8.239 GC heap after
{Heap after GC invocations=21 (full 0):
 garbage-first heap   total 106496K, used 51915K [0x0000000080000000, 0x0000000100000000)
  region size 1024K, 4 young (4096K), 4 survivors (4096K)
 Metaspace       used 64254K, committed 64832K, reserved 1105920K
  class space    used 8496K, committed 8768K, reserved 1048576K
}
Event: 8.631 GC heap before
{Heap before GC invocations=21 (full 0):
 garbage-first heap   total 106496K, used 80587K [0x0000000080000000, 0x0000000100000000)
  region size 1024K, 32 young (32768K), 4 survivors (4096K)
 Metaspace       used 66740K, committed 67264K, reserved 1114112K
  class space    used 8819K, committed 9088K, reserved 1048576K
}

