# JRE version: OpenJDK Runtime Environment (17.0.6) (build 17.0.6+0-b2043.56-10027231)
# Java VM: OpenJDK 64-Bit Server VM (17.0.6+0-b2043.56-10027231, mixed mode, tiered, compressed oops, compressed class ptrs, g1 gc, windows-amd64)
GC Precious Log:
 CPUs: 8 total, 8 available
 Memory: 12285M
 Large Page Support: Disabled
 NUMA Support: Disabled
 Compressed Oops: Enabled (32-bit)
 Heap Region Size: 1M
 Heap Min Capacity: 8M
 Heap Initial Capacity: 192M
 Heap Max Capacity: 2G
 Pre-touch: Disabled
 Parallel Workers: 8
 Concurrent Workers: 2
 Concurrent Refinement Workers: 8
 Periodic GC: Disabled
Heap:
 garbage-first heap   total 181248K, used 102035K [0x0000000080000000, 0x0000000100000000)
  region size 1024K, 4 young (4096K), 1 survivors (1024K)
 Metaspace       used 108907K, committed 109568K, reserved 1146880K
  class space    used 15004K, committed 15296K, reserved 1048576K
GC Heap History (20 events):
Event: 15.853 GC heap before
{Heap before GC invocations=33 (full 0):
 garbage-first heap   total 138240K, used 81541K [0x0000000080000000, 0x0000000100000000)
  region size 1024K, 6 young (6144K), 4 survivors (4096K)
 Metaspace       used 90702K, committed 91328K, reserved 1130496K
  class space    used 12445K, committed 12736K, reserved 1048576K
}
Event: 15.862 GC heap after
{Heap after GC invocations=34 (full 0):
 garbage-first heap   total 165888K, used 79510K [0x0000000080000000, 0x0000000100000000)
  region size 1024K, 1 young (1024K), 1 survivors (1024K)
 Metaspace       used 90702K, committed 91328K, reserved 1130496K
  class space    used 12445K, committed 12736K, reserved 1048576K
}
Event: 17.691 GC heap before
{Heap before GC invocations=34 (full 0):
 garbage-first heap   total 165888K, used 133782K [0x0000000080000000, 0x0000000100000000)
  region size 1024K, 55 young (56320K), 1 survivors (1024K)
 Metaspace       used 91362K, committed 91968K, reserved 1130496K
  class space    used 12496K, committed 12800K, reserved 1048576K
}
Event: 17.698 GC heap after
{Heap after GC invocations=35 (full 0):
 garbage-first heap   total 165888K, used 83058K [0x0000000080000000, 0x0000000100000000)
  region size 1024K, 5 young (5120K), 5 survivors (5120K)
 Metaspace       used 91362K, committed 91968K, reserved 1130496K
  class space    used 12496K, committed 12800K, reserved 1048576K
}
Event: 19.903 GC heap before
{Heap before GC invocations=36 (full 0):
 garbage-first heap   total 165888K, used 133234K [0x0000000080000000, 0x0000000100000000)
  region size 1024K, 55 young (56320K), 5 survivors (5120K)
 Metaspace       used 92206K, committed 92800K, reserved 1130496K
  class space    used 12601K, committed 12864K, reserved 1048576K
}
Event: 19.911 GC heap after
{Heap after GC invocations=37 (full 0):
 garbage-first heap   total 165888K, used 85862K [0x0000000080000000, 0x0000000100000000)
  region size 1024K, 3 young (3072K), 3 survivors (3072K)
 Metaspace       used 92206K, committed 92800K, reserved 1130496K
  class space    used 12601K, committed 12864K, reserved 1048576K
}
Event: 45.162 GC heap before
{Heap before GC invocations=37 (full 0):
 garbage-first heap   total 165888K, used 90982K [0x0000000080000000, 0x0000000100000000)
  region size 1024K, 8 young (8192K), 3 survivors (3072K)
 Metaspace       used 92502K, committed 93120K, reserved 1130496K
  class space    used 12651K, committed 12928K, reserved 1048576K
}
Event: 45.169 GC heap after
{Heap after GC invocations=38 (full 0):
 garbage-first heap   total 165888K, used 86149K [0x0000000080000000, 0x0000000100000000)
  region size 1024K, 1 young (1024K), 1 survivors (1024K)
 Metaspace       used 92502K, committed 93120K, reserved 1130496K
  class space    used 12651K, committed 12928K, reserved 1048576K
}
Event: 46.187 GC heap before
{Heap before GC invocations=38 (full 0):
 garbage-first heap   total 165888K, used 136325K [0x0000000080000000, 0x0000000100000000)
  region size 1024K, 50 young (51200K), 1 survivors (1024K)
 Metaspace       used 96940K, committed 97600K, reserved 1138688K
  class space    used 13180K, committed 13504K, reserved 1048576K
}
Event: 46.192 GC heap after
{Heap after GC invocations=39 (full 0):
 garbage-first heap   total 165888K, used 89850K [0x0000000080000000, 0x0000000100000000)
  region size 1024K, 5 young (5120K), 5 survivors (5120K)
 Metaspace       used 96940K, committed 97600K, reserved 1138688K
  class space    used 13180K, committed 13504K, reserved 1048576K
}
Event: 46.906 GC heap before
{Heap before GC invocations=40 (full 0):
 garbage-first heap   total 165888K, used 144122K [0x0000000080000000, 0x0000000100000000)
  region size 1024K, 51 young (52224K), 5 survivors (5120K)
 Metaspace       used 100696K, committed 101440K, reserved 1138688K
  class space    used 13670K, committed 14016K, reserved 1048576K
}
Event: 46.913 GC heap after
{Heap after GC invocations=41 (full 0):
 garbage-first heap   total 165888K, used 94921K [0x0000000080000000, 0x0000000100000000)
  region size 1024K, 6 young (6144K), 6 survivors (6144K)
 Metaspace       used 100696K, committed 101440K, reserved 1138688K
  class space    used 13670K, committed 14016K, reserved 1048576K
}
Event: 46.955 GC heap before
{Heap before GC invocations=41 (full 0):
 garbage-first heap   total 165888K, used 95945K [0x0000000080000000, 0x0000000100000000)
  region size 1024K, 8 young (8192K), 6 survivors (6144K)
 Metaspace       used 101062K, committed 101760K, reserved 1138688K
  class space    used 13718K, committed 14016K, reserved 1048576K
}
Event: 46.960 GC heap after
{Heap after GC invocations=42 (full 0):
 garbage-first heap   total 165888K, used 95381K [0x0000000080000000, 0x0000000100000000)
  region size 1024K, 1 young (1024K), 1 survivors (1024K)
 Metaspace       used 101062K, committed 101760K, reserved 1138688K
  class space    used 13718K, committed 14016K, reserved 1048576K
}
Event: 47.513 GC heap before
{Heap before GC invocations=42 (full 0):
 garbage-first heap   total 165888K, used 136341K [0x0000000080000000, 0x0000000100000000)
  region size 1024K, 41 young (41984K), 1 survivors (1024K)
 Metaspace       used 101952K, committed 102656K, reserved 1138688K
  class space    used 13844K, committed 14144K, reserved 1048576K
}
Event: 47.518 GC heap after
{Heap after GC invocations=43 (full 0):
 garbage-first heap   total 165888K, used 98752K [0x0000000080000000, 0x0000000100000000)
  region size 1024K, 5 young (5120K), 5 survivors (5120K)
 Metaspace       used 101952K, committed 102656K, reserved 1138688K
  class space    used 13844K, committed 14144K, reserved 1048576K
}
Event: 47.690 GC heap before
{Heap before GC invocations=43 (full 0):
 garbage-first heap   total 165888K, used 108992K [0x0000000080000000, 0x0000000100000000)
  region size 1024K, 16 young (16384K), 5 survivors (5120K)
 Metaspace       used 103520K, committed 104256K, reserved 1146880K
  class space    used 14073K, committed 14400K, reserved 1048576K
}
Event: 47.694 GC heap after
{Heap after GC invocations=44 (full 0):
 garbage-first heap   total 165888K, used 100045K [0x0000000080000000, 0x0000000100000000)
  region size 1024K, 2 young (2048K), 2 survivors (2048K)
 Metaspace       used 103520K, committed 104256K, reserved 1146880K
  class space    used 14073K, committed 14400K, reserved 1048576K
}
Event: 48.317 GC heap before
{Heap before GC invocations=45 (full 0):
 garbage-first heap   total 181248K, used 138957K [0x0000000080000000, 0x0000000100000000)
  region size 1024K, 39 young (39936K), 2 survivors (2048K)
 Metaspace       used 108533K, committed 109248K, reserved 1146880K
  class space    used 14959K, committed 15296K, reserved 1048576K
}
Event: 48.322 GC heap after
{Heap after GC invocations=46 (full 0):
 garbage-first heap   total 181248K, used 102108K [0x0000000080000000, 0x0000000100000000)
  region size 1024K, 4 young (4096K), 4 survivors (4096K)
 Metaspace       used 108533K, committed 109248K, reserved 1146880K
  class space    used 14959K, committed 15296K, reserved 1048576K
}

