# JRE version: OpenJDK Runtime Environment (17.0.6) (build 17.0.6+0-b2043.56-10027231)
# Java VM: OpenJDK 64-Bit Server VM (17.0.6+0-b2043.56-10027231, mixed mode, tiered, compressed oops, compressed class ptrs, g1 gc, windows-amd64)
GC Precious Log:
 CPUs: 8 total, 8 available
 Memory: 12285M
 Large Page Support: Disabled
 NUMA Support: Disabled
 Compressed Oops: Enabled (32-bit)
 Heap Region Size: 1M
 Heap Min Capacity: 8M
 Heap Initial Capacity: 192M
 Heap Max Capacity: 2G
 Pre-touch: Disabled
 Parallel Workers: 8
 Concurrent Workers: 2
 Concurrent Refinement Workers: 8
 Periodic GC: Disabled
Heap:
 garbage-first heap   total 211968K, used 119381K [0x0000000080000000, 0x0000000100000000)
  region size 1024K, 5 young (5120K), 4 survivors (4096K)
 Metaspace       used 88950K, committed 89664K, reserved 1130496K
  class space    used 12085K, committed 12416K, reserved 1048576K
GC Heap History (20 events):
Event: 18.046 GC heap before
{Heap before GC invocations=44 (full 0):
 garbage-first heap   total 132096K, used 105629K [0x0000000080000000, 0x0000000100000000)
  region size 1024K, 42 young (43008K), 6 survivors (6144K)
 Metaspace       used 82980K, committed 83584K, reserved 1122304K
  class space    used 11355K, committed 11648K, reserved 1048576K
}
Event: 18.058 GC heap after
{Heap after GC invocations=45 (full 0):
 garbage-first heap   total 132096K, used 74858K [0x0000000080000000, 0x0000000100000000)
  region size 1024K, 6 young (6144K), 6 survivors (6144K)
 Metaspace       used 82980K, committed 83584K, reserved 1122304K
  class space    used 11355K, committed 11648K, reserved 1048576K
}
Event: 20.307 GC heap before
{Heap before GC invocations=45 (full 0):
 garbage-first heap   total 132096K, used 105578K [0x0000000080000000, 0x0000000100000000)
  region size 1024K, 37 young (37888K), 6 survivors (6144K)
 Metaspace       used 84257K, committed 84864K, reserved 1122304K
  class space    used 11568K, committed 11840K, reserved 1048576K
}
Event: 20.316 GC heap after
{Heap after GC invocations=46 (full 0):
 garbage-first heap   total 132096K, used 77982K [0x0000000080000000, 0x0000000100000000)
  region size 1024K, 4 young (4096K), 4 survivors (4096K)
 Metaspace       used 84257K, committed 84864K, reserved 1122304K
  class space    used 11568K, committed 11840K, reserved 1048576K
}
Event: 21.376 GC heap before
{Heap before GC invocations=47 (full 0):
 garbage-first heap   total 140288K, used 103582K [0x0000000080000000, 0x0000000100000000)
  region size 1024K, 31 young (31744K), 4 survivors (4096K)
 Metaspace       used 84730K, committed 85312K, reserved 1122304K
  class space    used 11621K, committed 11904K, reserved 1048576K
}
Event: 21.382 GC heap after
{Heap after GC invocations=48 (full 0):
 garbage-first heap   total 140288K, used 80693K [0x0000000080000000, 0x0000000100000000)
  region size 1024K, 3 young (3072K), 3 survivors (3072K)
 Metaspace       used 84730K, committed 85312K, reserved 1122304K
  class space    used 11621K, committed 11904K, reserved 1048576K
}
Event: 22.082 GC heap before
{Heap before GC invocations=49 (full 0):
 garbage-first heap   total 140288K, used 90933K [0x0000000080000000, 0x0000000100000000)
  region size 1024K, 14 young (14336K), 3 survivors (3072K)
 Metaspace       used 85968K, committed 86528K, reserved 1130496K
  class space    used 11730K, committed 11968K, reserved 1048576K
}
Event: 22.086 GC heap after
{Heap after GC invocations=50 (full 0):
 garbage-first heap   total 140288K, used 80278K [0x0000000080000000, 0x0000000100000000)
  region size 1024K, 3 young (3072K), 3 survivors (3072K)
 Metaspace       used 85968K, committed 86528K, reserved 1130496K
  class space    used 11730K, committed 11968K, reserved 1048576K
}
Event: 24.360 GC heap before
{Heap before GC invocations=51 (full 0):
 garbage-first heap   total 143360K, used 116118K [0x0000000080000000, 0x0000000100000000)
  region size 1024K, 37 young (37888K), 3 survivors (3072K)
 Metaspace       used 88537K, committed 89152K, reserved 1130496K
  class space    used 12054K, committed 12352K, reserved 1048576K
}
Event: 24.376 GC heap after
{Heap after GC invocations=52 (full 0):
 garbage-first heap   total 143360K, used 96513K [0x0000000080000000, 0x0000000100000000)
  region size 1024K, 5 young (5120K), 5 survivors (5120K)
 Metaspace       used 88537K, committed 89152K, reserved 1130496K
  class space    used 12054K, committed 12352K, reserved 1048576K
}
Event: 24.485 GC heap before
{Heap before GC invocations=52 (full 0):
 garbage-first heap   total 143360K, used 98561K [0x0000000080000000, 0x0000000100000000)
  region size 1024K, 7 young (7168K), 5 survivors (5120K)
 Metaspace       used 88594K, committed 89216K, reserved 1130496K
  class space    used 12057K, committed 12352K, reserved 1048576K
}
Event: 24.492 GC heap after
{Heap after GC invocations=53 (full 0):
 garbage-first heap   total 143360K, used 98303K [0x0000000080000000, 0x0000000100000000)
  region size 1024K, 1 young (1024K), 1 survivors (1024K)
 Metaspace       used 88594K, committed 89216K, reserved 1130496K
  class space    used 12057K, committed 12352K, reserved 1048576K
}
Event: 25.355 GC heap before
{Heap before GC invocations=53 (full 0):
 garbage-first heap   total 143360K, used 106495K [0x0000000080000000, 0x0000000100000000)
  region size 1024K, 11 young (11264K), 1 survivors (1024K)
 Metaspace       used 88754K, committed 89408K, reserved 1130496K
  class space    used 12066K, committed 12352K, reserved 1048576K
}
Event: 25.367 GC heap after
{Heap after GC invocations=54 (full 0):
 garbage-first heap   total 143360K, used 102704K [0x0000000080000000, 0x0000000100000000)
  region size 1024K, 3 young (3072K), 3 survivors (3072K)
 Metaspace       used 88754K, committed 89408K, reserved 1130496K
  class space    used 12066K, committed 12352K, reserved 1048576K
}
Event: 26.330 GC heap before
{Heap before GC invocations=55 (full 0):
 garbage-first heap   total 176128K, used 123184K [0x0000000080000000, 0x0000000100000000)
  region size 1024K, 16 young (16384K), 3 survivors (3072K)
 Metaspace       used 88870K, committed 89536K, reserved 1130496K
  class space    used 12079K, committed 12416K, reserved 1048576K
}
Event: 26.336 GC heap after
{Heap after GC invocations=56 (full 0):
 garbage-first heap   total 176128K, used 105840K [0x0000000080000000, 0x0000000100000000)
  region size 1024K, 2 young (2048K), 2 survivors (2048K)
 Metaspace       used 88870K, committed 89536K, reserved 1130496K
  class space    used 12079K, committed 12416K, reserved 1048576K
}
Event: 26.476 GC heap before
{Heap before GC invocations=56 (full 0):
 garbage-first heap   total 176128K, used 111984K [0x0000000080000000, 0x0000000100000000)
  region size 1024K, 8 young (8192K), 2 survivors (2048K)
 Metaspace       used 88870K, committed 89536K, reserved 1130496K
  class space    used 12079K, committed 12416K, reserved 1048576K
}
Event: 26.482 GC heap after
{Heap after GC invocations=57 (full 0):
 garbage-first heap   total 176128K, used 106029K [0x0000000080000000, 0x0000000100000000)
  region size 1024K, 1 young (1024K), 1 survivors (1024K)
 Metaspace       used 88870K, committed 89536K, reserved 1130496K
  class space    used 12079K, committed 12416K, reserved 1048576K
}
Event: 26.949 GC heap before
{Heap before GC invocations=57 (full 0):
 garbage-first heap   total 176128K, used 120365K [0x0000000080000000, 0x0000000100000000)
  region size 1024K, 16 young (16384K), 1 survivors (1024K)
 Metaspace       used 88950K, committed 89664K, reserved 1130496K
  class space    used 12085K, committed 12416K, reserved 1048576K
}
Event: 26.960 GC heap after
{Heap after GC invocations=58 (full 0):
 garbage-first heap   total 211968K, used 112213K [0x0000000080000000, 0x0000000100000000)
  region size 1024K, 4 young (4096K), 4 survivors (4096K)
 Metaspace       used 88950K, committed 89664K, reserved 1130496K
  class space    used 12085K, committed 12416K, reserved 1048576K
}

