# JRE version: OpenJDK Runtime Environment (17.0.6) (build 17.0.6+0-b2043.56-10027231)
# Java VM: OpenJDK 64-Bit Server VM (17.0.6+0-b2043.56-10027231, mixed mode, tiered, compressed oops, compressed class ptrs, g1 gc, windows-amd64)
GC Precious Log:
 CPUs: 8 total, 8 available
 Memory: 12285M
 Large Page Support: Disabled
 NUMA Support: Disabled
 Compressed Oops: Enabled (32-bit)
 Heap Region Size: 1M
 Heap Min Capacity: 8M
 Heap Initial Capacity: 192M
 Heap Max Capacity: 2G
 Pre-touch: Disabled
 Parallel Workers: 8
 Concurrent Workers: 2
 Concurrent Refinement Workers: 8
 Periodic GC: Disabled
Heap:
 garbage-first heap   total 155648K, used 73831K [0x0000000080000000, 0x0000000100000000)
  region size 1024K, 9 young (9216K), 8 survivors (8192K)
 Metaspace       used 82410K, committed 83008K, reserved 1122304K
  class space    used 11243K, committed 11520K, reserved 1048576K
GC Heap History (20 events):
Event: 7.838 GC heap before
{Heap before GC invocations=20 (full 0):
 garbage-first heap   total 86016K, used 65089K [0x0000000080000000, 0x0000000100000000)
  region size 1024K, 19 young (19456K), 2 survivors (2048K)
 Metaspace       used 61322K, committed 61760K, reserved 1105920K
  class space    used 8131K, committed 8320K, reserved 1048576K
}
Event: 7.843 GC heap after
{Heap after GC invocations=21 (full 0):
 garbage-first heap   total 103424K, used 48700K [0x0000000080000000, 0x0000000100000000)
  region size 1024K, 3 young (3072K), 3 survivors (3072K)
 Metaspace       used 61322K, committed 61760K, reserved 1105920K
  class space    used 8131K, committed 8320K, reserved 1048576K
}
Event: 7.989 GC heap before
{Heap before GC invocations=22 (full 0):
 garbage-first heap   total 103424K, used 52796K [0x0000000080000000, 0x0000000100000000)
  region size 1024K, 8 young (8192K), 3 survivors (3072K)
 Metaspace       used 62727K, committed 63296K, reserved 1105920K
  class space    used 8290K, committed 8576K, reserved 1048576K
}
Event: 7.993 GC heap after
{Heap after GC invocations=23 (full 0):
 garbage-first heap   total 103424K, used 50038K [0x0000000080000000, 0x0000000100000000)
  region size 1024K, 3 young (3072K), 3 survivors (3072K)
 Metaspace       used 62727K, committed 63296K, reserved 1105920K
  class space    used 8290K, committed 8576K, reserved 1048576K
}
Event: 8.336 GC heap before
{Heap before GC invocations=24 (full 0):
 garbage-first heap   total 107520K, used 81782K [0x0000000080000000, 0x0000000100000000)
  region size 1024K, 28 young (28672K), 3 survivors (3072K)
 Metaspace       used 64374K, committed 64896K, reserved 1105920K
  class space    used 8509K, committed 8768K, reserved 1048576K
}
Event: 8.342 GC heap after
{Heap after GC invocations=25 (full 0):
 garbage-first heap   total 107520K, used 52480K [0x0000000080000000, 0x0000000100000000)
  region size 1024K, 4 young (4096K), 4 survivors (4096K)
 Metaspace       used 64374K, committed 64896K, reserved 1105920K
  class space    used 8509K, committed 8768K, reserved 1048576K
}
Event: 8.740 GC heap before
{Heap before GC invocations=25 (full 0):
 garbage-first heap   total 107520K, used 79104K [0x0000000080000000, 0x0000000100000000)
  region size 1024K, 30 young (30720K), 4 survivors (4096K)
 Metaspace       used 66695K, committed 67264K, reserved 1114112K
  class space    used 8805K, committed 9088K, reserved 1048576K
}
Event: 8.745 GC heap after
{Heap after GC invocations=26 (full 0):
 garbage-first heap   total 107520K, used 54730K [0x0000000080000000, 0x0000000100000000)
  region size 1024K, 3 young (3072K), 3 survivors (3072K)
 Metaspace       used 66695K, committed 67264K, reserved 1114112K
  class space    used 8805K, committed 9088K, reserved 1048576K
}
Event: 9.008 GC heap before
{Heap before GC invocations=27 (full 0):
 garbage-first heap   total 107520K, used 81354K [0x0000000080000000, 0x0000000100000000)
  region size 1024K, 29 young (29696K), 3 survivors (3072K)
 Metaspace       used 66891K, committed 67456K, reserved 1114112K
  class space    used 8839K, committed 9088K, reserved 1048576K
}
Event: 9.014 GC heap after
{Heap after GC invocations=28 (full 0):
 garbage-first heap   total 107520K, used 56958K [0x0000000080000000, 0x0000000100000000)
  region size 1024K, 4 young (4096K), 4 survivors (4096K)
 Metaspace       used 66891K, committed 67456K, reserved 1114112K
  class space    used 8839K, committed 9088K, reserved 1048576K
}
Event: 9.290 GC heap before
{Heap before GC invocations=28 (full 0):
 garbage-first heap   total 107520K, used 79486K [0x0000000080000000, 0x0000000100000000)
  region size 1024K, 28 young (28672K), 4 survivors (4096K)
 Metaspace       used 68766K, committed 69312K, reserved 1114112K
  class space    used 9097K, committed 9344K, reserved 1048576K
}
Event: 9.297 GC heap after
{Heap after GC invocations=29 (full 0):
 garbage-first heap   total 107520K, used 59380K [0x0000000080000000, 0x0000000100000000)
  region size 1024K, 3 young (3072K), 3 survivors (3072K)
 Metaspace       used 68766K, committed 69312K, reserved 1114112K
  class space    used 9097K, committed 9344K, reserved 1048576K
}
Event: 9.711 GC heap before
{Heap before GC invocations=30 (full 0):
 garbage-first heap   total 109568K, used 84980K [0x0000000080000000, 0x0000000100000000)
  region size 1024K, 27 young (27648K), 3 survivors (3072K)
 Metaspace       used 71847K, committed 72384K, reserved 1114112K
  class space    used 9700K, committed 9920K, reserved 1048576K
}
Event: 9.717 GC heap after
{Heap after GC invocations=31 (full 0):
 garbage-first heap   total 109568K, used 60044K [0x0000000080000000, 0x0000000100000000)
  region size 1024K, 3 young (3072K), 3 survivors (3072K)
 Metaspace       used 71847K, committed 72384K, reserved 1114112K
  class space    used 9700K, committed 9920K, reserved 1048576K
}
Event: 9.752 GC heap before
{Heap before GC invocations=31 (full 0):
 garbage-first heap   total 109568K, used 62092K [0x0000000080000000, 0x0000000100000000)
  region size 1024K, 5 young (5120K), 3 survivors (3072K)
 Metaspace       used 72128K, committed 72640K, reserved 1114112K
  class space    used 9751K, committed 9984K, reserved 1048576K
}
Event: 9.756 GC heap after
{Heap after GC invocations=32 (full 0):
 garbage-first heap   total 109568K, used 60235K [0x0000000080000000, 0x0000000100000000)
  region size 1024K, 1 young (1024K), 1 survivors (1024K)
 Metaspace       used 72128K, committed 72640K, reserved 1114112K
  class space    used 9751K, committed 9984K, reserved 1048576K
}
Event: 10.229 GC heap before
{Heap before GC invocations=32 (full 0):
 garbage-first heap   total 109568K, used 87883K [0x0000000080000000, 0x0000000100000000)
  region size 1024K, 28 young (28672K), 1 survivors (1024K)
 Metaspace       used 74930K, committed 75520K, reserved 1114112K
  class space    used 10146K, committed 10432K, reserved 1048576K
}
Event: 10.233 GC heap after
{Heap after GC invocations=33 (full 0):
 garbage-first heap   total 155648K, used 62105K [0x0000000080000000, 0x0000000100000000)
  region size 1024K, 3 young (3072K), 3 survivors (3072K)
 Metaspace       used 74930K, committed 75520K, reserved 1114112K
  class space    used 10146K, committed 10432K, reserved 1048576K
}
Event: 11.206 GC heap before
{Heap before GC invocations=34 (full 0):
 garbage-first heap   total 155648K, used 117401K [0x0000000080000000, 0x0000000100000000)
  region size 1024K, 57 young (58368K), 3 survivors (3072K)
 Metaspace       used 81104K, committed 81728K, reserved 1122304K
  class space    used 11042K, committed 11328K, reserved 1048576K
}
Event: 11.213 GC heap after
{Heap after GC invocations=35 (full 0):
 garbage-first heap   total 155648K, used 66312K [0x0000000080000000, 0x0000000100000000)
  region size 1024K, 7 young (7168K), 7 survivors (7168K)
 Metaspace       used 81104K, committed 81728K, reserved 1122304K
  class space    used 11042K, committed 11328K, reserved 1048576K
}

