# JRE version: OpenJDK Runtime Environment (17.0.6) (build 17.0.6+0-b2043.56-10027231)
# Java VM: OpenJDK 64-Bit Server VM (17.0.6+0-b2043.56-10027231, mixed mode, tiered, compressed oops, compressed class ptrs, g1 gc, windows-amd64)
GC Precious Log:
 CPUs: 8 total, 8 available
 Memory: 12285M
 Large Page Support: Disabled
 NUMA Support: Disabled
 Compressed Oops: Enabled (32-bit)
 Heap Region Size: 1M
 Heap Min Capacity: 8M
 Heap Initial Capacity: 192M
 Heap Max Capacity: 2G
 Pre-touch: Disabled
 Parallel Workers: 8
 Concurrent Workers: 2
 Concurrent Refinement Workers: 8
 Periodic GC: Disabled
Heap:
 garbage-first heap   total 196608K, used 107436K [0x0000000080000000, 0x0000000100000000)
  region size 1024K, 1 young (1024K), 1 survivors (1024K)
 Metaspace       used 89030K, committed 89664K, reserved 1130496K
  class space    used 12100K, committed 12352K, reserved 1048576K
GC Heap History (20 events):
Event: 11.367 GC heap after
{Heap after GC invocations=27 (full 0):
 garbage-first heap   total 125952K, used 66143K [0x0000000080000000, 0x0000000100000000)
  region size 1024K, 6 young (6144K), 6 survivors (6144K)
 Metaspace       used 81584K, committed 82176K, reserved 1122304K
  class space    used 11104K, committed 11392K, reserved 1048576K
}
Event: 11.699 GC heap before
{Heap before GC invocations=28 (full 0):
 garbage-first heap   total 125952K, used 101983K [0x0000000080000000, 0x0000000100000000)
  region size 1024K, 41 young (41984K), 6 survivors (6144K)
 Metaspace       used 81894K, committed 82560K, reserved 1122304K
  class space    used 11135K, committed 11456K, reserved 1048576K
}
Event: 11.711 GC heap after
{Heap after GC invocations=29 (full 0):
 garbage-first heap   total 125952K, used 72245K [0x0000000080000000, 0x0000000100000000)
  region size 1024K, 6 young (6144K), 6 survivors (6144K)
 Metaspace       used 81894K, committed 82560K, reserved 1122304K
  class space    used 11135K, committed 11456K, reserved 1048576K
}
Event: 12.198 GC heap before
{Heap before GC invocations=29 (full 0):
 garbage-first heap   total 125952K, used 100917K [0x0000000080000000, 0x0000000100000000)
  region size 1024K, 35 young (35840K), 6 survivors (6144K)
 Metaspace       used 84260K, committed 84928K, reserved 1122304K
  class space    used 11642K, committed 11968K, reserved 1048576K
}
Event: 12.208 GC heap after
{Heap after GC invocations=30 (full 0):
 garbage-first heap   total 151552K, used 76203K [0x0000000080000000, 0x0000000100000000)
  region size 1024K, 4 young (4096K), 4 survivors (4096K)
 Metaspace       used 84260K, committed 84928K, reserved 1122304K
  class space    used 11642K, committed 11968K, reserved 1048576K
}
Event: 12.843 GC heap before
{Heap before GC invocations=31 (full 0):
 garbage-first heap   total 151552K, used 120235K [0x0000000080000000, 0x0000000100000000)
  region size 1024K, 48 young (49152K), 4 survivors (4096K)
 Metaspace       used 84613K, committed 85248K, reserved 1122304K
  class space    used 11655K, committed 11968K, reserved 1048576K
}
Event: 12.851 GC heap after
{Heap after GC invocations=32 (full 0):
 garbage-first heap   total 151552K, used 78831K [0x0000000080000000, 0x0000000100000000)
  region size 1024K, 6 young (6144K), 6 survivors (6144K)
 Metaspace       used 84613K, committed 85248K, reserved 1122304K
  class space    used 11655K, committed 11968K, reserved 1048576K
}
Event: 12.884 GC heap before
{Heap before GC invocations=32 (full 0):
 garbage-first heap   total 151552K, used 79855K [0x0000000080000000, 0x0000000100000000)
  region size 1024K, 7 young (7168K), 6 survivors (6144K)
 Metaspace       used 84775K, committed 85376K, reserved 1122304K
  class space    used 11685K, committed 11968K, reserved 1048576K
}
Event: 12.893 GC heap after
{Heap after GC invocations=33 (full 0):
 garbage-first heap   total 151552K, used 79363K [0x0000000080000000, 0x0000000100000000)
  region size 1024K, 1 young (1024K), 1 survivors (1024K)
 Metaspace       used 84775K, committed 85376K, reserved 1122304K
  class space    used 11685K, committed 11968K, reserved 1048576K
}
Event: 13.233 GC heap before
{Heap before GC invocations=33 (full 0):
 garbage-first heap   total 151552K, used 82435K [0x0000000080000000, 0x0000000100000000)
  region size 1024K, 6 young (6144K), 1 survivors (1024K)
 Metaspace       used 85085K, committed 85696K, reserved 1130496K
  class space    used 11742K, committed 12032K, reserved 1048576K
}
Event: 13.236 GC heap after
{Heap after GC invocations=34 (full 0):
 garbage-first heap   total 151552K, used 79211K [0x0000000080000000, 0x0000000100000000)
  region size 1024K, 1 young (1024K), 1 survivors (1024K)
 Metaspace       used 85085K, committed 85696K, reserved 1130496K
  class space    used 11742K, committed 12032K, reserved 1048576K
}
Event: 15.483 GC heap before
{Heap before GC invocations=35 (full 0):
 garbage-first heap   total 151552K, used 133483K [0x0000000080000000, 0x0000000100000000)
  region size 1024K, 45 young (46080K), 1 survivors (1024K)
 Metaspace       used 88306K, committed 88960K, reserved 1130496K
  class space    used 12036K, committed 12352K, reserved 1048576K
}
Event: 15.496 GC heap after
{Heap after GC invocations=36 (full 0):
 garbage-first heap   total 151552K, used 95950K [0x0000000080000000, 0x0000000100000000)
  region size 1024K, 6 young (6144K), 6 survivors (6144K)
 Metaspace       used 88306K, committed 88960K, reserved 1130496K
  class space    used 12036K, committed 12352K, reserved 1048576K
}
Event: 15.559 GC heap before
{Heap before GC invocations=36 (full 0):
 garbage-first heap   total 151552K, used 96974K [0x0000000080000000, 0x0000000100000000)
  region size 1024K, 7 young (7168K), 6 survivors (6144K)
 Metaspace       used 88308K, committed 88960K, reserved 1130496K
  class space    used 12036K, committed 12352K, reserved 1048576K
}
Event: 15.567 GC heap after
{Heap after GC invocations=37 (full 0):
 garbage-first heap   total 151552K, used 96951K [0x0000000080000000, 0x0000000100000000)
  region size 1024K, 1 young (1024K), 1 survivors (1024K)
 Metaspace       used 88308K, committed 88960K, reserved 1130496K
  class space    used 12036K, committed 12352K, reserved 1048576K
}
Event: 16.396 GC heap before
{Heap before GC invocations=37 (full 0):
 garbage-first heap   total 151552K, used 117431K [0x0000000080000000, 0x0000000100000000)
  region size 1024K, 22 young (22528K), 1 survivors (1024K)
 Metaspace       used 88727K, committed 89344K, reserved 1130496K
  class space    used 12077K, committed 12352K, reserved 1048576K
}
Event: 16.405 GC heap after
{Heap after GC invocations=38 (full 0):
 garbage-first heap   total 151552K, used 103573K [0x0000000080000000, 0x0000000100000000)
  region size 1024K, 3 young (3072K), 3 survivors (3072K)
 Metaspace       used 88727K, committed 89344K, reserved 1130496K
  class space    used 12077K, committed 12352K, reserved 1048576K
}
Event: 16.853 GC heap before
{Heap before GC invocations=39 (full 0):
 garbage-first heap   total 181248K, used 126101K [0x0000000080000000, 0x0000000100000000)
  region size 1024K, 17 young (17408K), 3 survivors (3072K)
 Metaspace       used 88990K, committed 89536K, reserved 1130496K
  class space    used 12100K, committed 12352K, reserved 1048576K
}
Event: 16.862 GC heap after
{Heap after GC invocations=40 (full 0):
 garbage-first heap   total 181248K, used 106897K [0x0000000080000000, 0x0000000100000000)
  region size 1024K, 3 young (3072K), 3 survivors (3072K)
 Metaspace       used 88990K, committed 89536K, reserved 1130496K
  class space    used 12100K, committed 12352K, reserved 1048576K
}
Event: 16.971 GC heap before
{Heap before GC invocations=40 (full 0):
 garbage-first heap   total 181248K, used 112017K [0x0000000080000000, 0x0000000100000000)
  region size 1024K, 8 young (8192K), 3 survivors (3072K)
 Metaspace       used 89030K, committed 89664K, reserved 1130496K
  class space    used 12100K, committed 12352K, reserved 1048576K
}

