# JRE version: OpenJDK Runtime Environment (17.0.6) (build 17.0.6+0-b2043.56-10027231)
# Java VM: OpenJDK 64-Bit Server VM (17.0.6+0-b2043.56-10027231, mixed mode, tiered, compressed oops, compressed class ptrs, g1 gc, windows-amd64)
GC Precious Log:
 CPUs: 8 total, 8 available
 Memory: 12285M
 Large Page Support: Disabled
 NUMA Support: Disabled
 Compressed Oops: Enabled (32-bit)
 Heap Region Size: 1M
 Heap Min Capacity: 8M
 Heap Initial Capacity: 192M
 Heap Max Capacity: 2G
 Pre-touch: Disabled
 Parallel Workers: 8
 Concurrent Workers: 2
 Concurrent Refinement Workers: 8
 Periodic GC: Disabled
Heap:
 garbage-first heap   total 204800K, used 79070K [0x0000000080000000, 0x0000000100000000)
  region size 1024K, 26 young (26624K), 4 survivors (4096K)
 Metaspace       used 64299K, committed 64768K, reserved 1105920K
  class space    used 8488K, committed 8704K, reserved 1048576K
GC Heap History (20 events):
Event: 4.244 GC heap before
{Heap before GC invocations=8 (full 0):
 garbage-first heap   total 65536K, used 30737K [0x0000000080000000, 0x0000000100000000)
  region size 1024K, 12 young (12288K), 3 survivors (3072K)
 Metaspace       used 35648K, committed 35968K, reserved 1081344K
  class space    used 4880K, committed 5056K, reserved 1048576K
}
Event: 4.248 GC heap after
{Heap after GC invocations=9 (full 0):
 garbage-first heap   total 65536K, used 23886K [0x0000000080000000, 0x0000000100000000)
  region size 1024K, 3 young (3072K), 3 survivors (3072K)
 Metaspace       used 35648K, committed 35968K, reserved 1081344K
  class space    used 4880K, committed 5056K, reserved 1048576K
}
Event: 4.681 GC heap before
{Heap before GC invocations=10 (full 0):
 garbage-first heap   total 65536K, used 46414K [0x0000000080000000, 0x0000000100000000)
  region size 1024K, 26 young (26624K), 3 survivors (3072K)
 Metaspace       used 40370K, committed 40704K, reserved 1089536K
  class space    used 5359K, committed 5504K, reserved 1048576K
}
Event: 4.687 GC heap after
{Heap after GC invocations=11 (full 0):
 garbage-first heap   total 65536K, used 27210K [0x0000000080000000, 0x0000000100000000)
  region size 1024K, 4 young (4096K), 4 survivors (4096K)
 Metaspace       used 40370K, committed 40704K, reserved 1089536K
  class space    used 5359K, committed 5504K, reserved 1048576K
}
Event: 4.693 GC heap before
{Heap before GC invocations=11 (full 0):
 garbage-first heap   total 65536K, used 28234K [0x0000000080000000, 0x0000000100000000)
  region size 1024K, 5 young (5120K), 4 survivors (4096K)
 Metaspace       used 40370K, committed 40704K, reserved 1089536K
  class space    used 5359K, committed 5504K, reserved 1048576K
}
Event: 4.698 GC heap after
{Heap after GC invocations=12 (full 0):
 garbage-first heap   total 102400K, used 27830K [0x0000000080000000, 0x0000000100000000)
  region size 1024K, 1 young (1024K), 1 survivors (1024K)
 Metaspace       used 40370K, committed 40704K, reserved 1089536K
  class space    used 5359K, committed 5504K, reserved 1048576K
}
Event: 5.422 GC heap before
{Heap before GC invocations=12 (full 0):
 garbage-first heap   total 102400K, used 76982K [0x0000000080000000, 0x0000000100000000)
  region size 1024K, 46 young (47104K), 1 survivors (1024K)
 Metaspace       used 44502K, committed 44928K, reserved 1089536K
  class space    used 5880K, committed 6080K, reserved 1048576K
}
Event: 5.429 GC heap after
{Heap after GC invocations=13 (full 0):
 garbage-first heap   total 102400K, used 32190K [0x0000000080000000, 0x0000000100000000)
  region size 1024K, 6 young (6144K), 6 survivors (6144K)
 Metaspace       used 44502K, committed 44928K, reserved 1089536K
  class space    used 5880K, committed 6080K, reserved 1048576K
}
Event: 6.155 GC heap before
{Heap before GC invocations=13 (full 0):
 garbage-first heap   total 102400K, used 75198K [0x0000000080000000, 0x0000000100000000)
  region size 1024K, 47 young (48128K), 6 survivors (6144K)
 Metaspace       used 50650K, committed 51072K, reserved 1097728K
  class space    used 6724K, committed 6912K, reserved 1048576K
}
Event: 6.162 GC heap after
{Heap after GC invocations=14 (full 0):
 garbage-first heap   total 102400K, used 34423K [0x0000000080000000, 0x0000000100000000)
  region size 1024K, 3 young (3072K), 3 survivors (3072K)
 Metaspace       used 50650K, committed 51072K, reserved 1097728K
  class space    used 6724K, committed 6912K, reserved 1048576K
}
Event: 6.770 GC heap before
{Heap before GC invocations=14 (full 0):
 garbage-first heap   total 102400K, used 79479K [0x0000000080000000, 0x0000000100000000)
  region size 1024K, 44 young (45056K), 3 survivors (3072K)
 Metaspace       used 51949K, committed 52416K, reserved 1097728K
  class space    used 6858K, committed 7040K, reserved 1048576K
}
Event: 6.777 GC heap after
{Heap after GC invocations=15 (full 0):
 garbage-first heap   total 102400K, used 45832K [0x0000000080000000, 0x0000000100000000)
  region size 1024K, 6 young (6144K), 6 survivors (6144K)
 Metaspace       used 51949K, committed 52416K, reserved 1097728K
  class space    used 6858K, committed 7040K, reserved 1048576K
}
Event: 7.302 GC heap before
{Heap before GC invocations=15 (full 0):
 garbage-first heap   total 102400K, used 77576K [0x0000000080000000, 0x0000000100000000)
  region size 1024K, 37 young (37888K), 6 survivors (6144K)
 Metaspace       used 56686K, committed 57216K, reserved 1105920K
  class space    used 7455K, committed 7680K, reserved 1048576K
}
Event: 7.307 GC heap after
{Heap after GC invocations=16 (full 0):
 garbage-first heap   total 102400K, used 47248K [0x0000000080000000, 0x0000000100000000)
  region size 1024K, 2 young (2048K), 2 survivors (2048K)
 Metaspace       used 56686K, committed 57216K, reserved 1105920K
  class space    used 7455K, committed 7680K, reserved 1048576K
}
Event: 7.706 GC heap before
{Heap before GC invocations=16 (full 0):
 garbage-first heap   total 102400K, used 66704K [0x0000000080000000, 0x0000000100000000)
  region size 1024K, 22 young (22528K), 2 survivors (2048K)
 Metaspace       used 59797K, committed 60288K, reserved 1105920K
  class space    used 7897K, committed 8128K, reserved 1048576K
}
Event: 7.710 GC heap after
{Heap after GC invocations=17 (full 0):
 garbage-first heap   total 102400K, used 47921K [0x0000000080000000, 0x0000000100000000)
  region size 1024K, 2 young (2048K), 2 survivors (2048K)
 Metaspace       used 59797K, committed 60288K, reserved 1105920K
  class space    used 7897K, committed 8128K, reserved 1048576K
}
Event: 8.029 GC heap before
{Heap before GC invocations=18 (full 0):
 garbage-first heap   total 102400K, used 61233K [0x0000000080000000, 0x0000000100000000)
  region size 1024K, 16 young (16384K), 2 survivors (2048K)
 Metaspace       used 62705K, committed 63232K, reserved 1105920K
  class space    used 8281K, committed 8512K, reserved 1048576K
}
Event: 8.034 GC heap after
{Heap after GC invocations=19 (full 0):
 garbage-first heap   total 102400K, used 49701K [0x0000000080000000, 0x0000000100000000)
  region size 1024K, 4 young (4096K), 4 survivors (4096K)
 Metaspace       used 62705K, committed 63232K, reserved 1105920K
  class space    used 8281K, committed 8512K, reserved 1048576K
}
Event: 8.044 GC heap before
{Heap before GC invocations=19 (full 0):
 garbage-first heap   total 102400K, used 53797K [0x0000000080000000, 0x0000000100000000)
  region size 1024K, 8 young (8192K), 4 survivors (4096K)
 Metaspace       used 62705K, committed 63232K, reserved 1105920K
  class space    used 8281K, committed 8512K, reserved 1048576K
}
Event: 8.050 GC heap after
{Heap after GC invocations=20 (full 0):
 garbage-first heap   total 204800K, used 52446K [0x0000000080000000, 0x0000000100000000)
  region size 1024K, 4 young (4096K), 4 survivors (4096K)
 Metaspace       used 62705K, committed 63232K, reserved 1105920K
  class space    used 8281K, committed 8512K, reserved 1048576K
}

