# JRE version: OpenJDK Runtime Environment (17.0.6) (build 17.0.6+0-b2043.56-10027231)
# Java VM: OpenJDK 64-Bit Server VM (17.0.6+0-b2043.56-10027231, mixed mode, tiered, compressed oops, compressed class ptrs, g1 gc, windows-amd64)
GC Precious Log:
 CPUs: 8 total, 8 available
 Memory: 12285M
 Large Page Support: Disabled
 NUMA Support: Disabled
 Compressed Oops: Enabled (32-bit)
 Heap Region Size: 1M
 Heap Min Capacity: 8M
 Heap Initial Capacity: 192M
 Heap Max Capacity: 2G
 Pre-touch: Disabled
 Parallel Workers: 8
 Concurrent Workers: 2
 Concurrent Refinement Workers: 8
 Periodic GC: Disabled
Heap:
 garbage-first heap   total 229376K, used 97529K [0x0000000080000000, 0x0000000100000000)
  region size 1024K, 36 young (36864K), 14 survivors (14336K)
 Metaspace       used 88280K, committed 88832K, reserved 1130496K
  class space    used 12022K, committed 12288K, reserved 1048576K
GC Heap History (20 events):
Event: 40.759 GC heap before
{Heap before GC invocations=33 (full 0):
 garbage-first heap   total 91136K, used 63378K [0x0000000080000000, 0x0000000100000000)
  region size 1024K, 14 young (14336K), 1 survivors (1024K)
 Metaspace       used 63337K, committed 63808K, reserved 1105920K
  class space    used 8313K, committed 8512K, reserved 1048576K
}
Event: 40.765 GC heap after
{Heap after GC invocations=34 (full 0):
 garbage-first heap   total 91136K, used 51561K [0x0000000080000000, 0x0000000100000000)
  region size 1024K, 1 young (1024K), 1 survivors (1024K)
 Metaspace       used 63337K, committed 63808K, reserved 1105920K
  class space    used 8313K, committed 8512K, reserved 1048576K
}
Event: 40.953 GC heap before
{Heap before GC invocations=34 (full 0):
 garbage-first heap   total 91136K, used 54633K [0x0000000080000000, 0x0000000100000000)
  region size 1024K, 4 young (4096K), 1 survivors (1024K)
 Metaspace       used 63805K, committed 64256K, reserved 1105920K
  class space    used 8384K, committed 8576K, reserved 1048576K
}
Event: 40.956 GC heap after
{Heap after GC invocations=35 (full 0):
 garbage-first heap   total 91136K, used 51189K [0x0000000080000000, 0x0000000100000000)
  region size 1024K, 1 young (1024K), 1 survivors (1024K)
 Metaspace       used 63805K, committed 64256K, reserved 1105920K
  class space    used 8384K, committed 8576K, reserved 1048576K
}
Event: 42.536 GC heap before
{Heap before GC invocations=35 (full 0):
 garbage-first heap   total 91136K, used 68597K [0x0000000080000000, 0x0000000100000000)
  region size 1024K, 18 young (18432K), 1 survivors (1024K)
 Metaspace       used 67027K, committed 67584K, reserved 1114112K
  class space    used 8819K, committed 9088K, reserved 1048576K
}
Event: 42.539 GC heap after
{Heap after GC invocations=36 (full 0):
 garbage-first heap   total 91136K, used 52074K [0x0000000080000000, 0x0000000100000000)
  region size 1024K, 1 young (1024K), 1 survivors (1024K)
 Metaspace       used 67027K, committed 67584K, reserved 1114112K
  class space    used 8819K, committed 9088K, reserved 1048576K
}
Event: 43.477 GC heap before
{Heap before GC invocations=37 (full 0):
 garbage-first heap   total 91136K, used 74602K [0x0000000080000000, 0x0000000100000000)
  region size 1024K, 19 young (19456K), 1 survivors (1024K)
 Metaspace       used 68319K, committed 68928K, reserved 1114112K
  class space    used 9006K, committed 9280K, reserved 1048576K
}
Event: 43.482 GC heap after
{Heap after GC invocations=38 (full 0):
 garbage-first heap   total 91136K, used 59225K [0x0000000080000000, 0x0000000100000000)
  region size 1024K, 3 young (3072K), 3 survivors (3072K)
 Metaspace       used 68319K, committed 68928K, reserved 1114112K
  class space    used 9006K, committed 9280K, reserved 1048576K
}
Event: 43.485 GC heap before
{Heap before GC invocations=38 (full 0):
 garbage-first heap   total 91136K, used 60249K [0x0000000080000000, 0x0000000100000000)
  region size 1024K, 4 young (4096K), 3 survivors (3072K)
 Metaspace       used 68319K, committed 68928K, reserved 1114112K
  class space    used 9006K, committed 9280K, reserved 1048576K
}
Event: 43.490 GC heap after
{Heap after GC invocations=39 (full 0):
 garbage-first heap   total 91136K, used 59631K [0x0000000080000000, 0x0000000100000000)
  region size 1024K, 1 young (1024K), 1 survivors (1024K)
 Metaspace       used 68319K, committed 68928K, reserved 1114112K
  class space    used 9006K, committed 9280K, reserved 1048576K
}
Event: 44.068 GC heap before
{Heap before GC invocations=39 (full 0):
 garbage-first heap   total 91136K, used 73967K [0x0000000080000000, 0x0000000100000000)
  region size 1024K, 13 young (13312K), 1 survivors (1024K)
 Metaspace       used 69349K, committed 69888K, reserved 1114112K
  class space    used 9144K, committed 9408K, reserved 1048576K
}
Event: 44.072 GC heap after
{Heap after GC invocations=40 (full 0):
 garbage-first heap   total 91136K, used 62378K [0x0000000080000000, 0x0000000100000000)
  region size 1024K, 2 young (2048K), 2 survivors (2048K)
 Metaspace       used 69349K, committed 69888K, reserved 1114112K
  class space    used 9144K, committed 9408K, reserved 1048576K
}
Event: 44.374 GC heap before
{Heap before GC invocations=41 (full 0):
 garbage-first heap   total 102400K, used 70570K [0x0000000080000000, 0x0000000100000000)
  region size 1024K, 13 young (13312K), 2 survivors (2048K)
 Metaspace       used 70358K, committed 70912K, reserved 1114112K
  class space    used 9277K, committed 9536K, reserved 1048576K
}
Event: 44.377 GC heap after
{Heap after GC invocations=42 (full 0):
 garbage-first heap   total 102400K, used 58506K [0x0000000080000000, 0x0000000100000000)
  region size 1024K, 1 young (1024K), 1 survivors (1024K)
 Metaspace       used 70358K, committed 70912K, reserved 1114112K
  class space    used 9277K, committed 9536K, reserved 1048576K
}
Event: 44.459 GC heap before
{Heap before GC invocations=42 (full 0):
 garbage-first heap   total 102400K, used 62602K [0x0000000080000000, 0x0000000100000000)
  region size 1024K, 5 young (5120K), 1 survivors (1024K)
 Metaspace       used 70674K, committed 71168K, reserved 1114112K
  class space    used 9315K, committed 9536K, reserved 1048576K
}
Event: 44.461 GC heap after
{Heap after GC invocations=43 (full 0):
 garbage-first heap   total 102400K, used 58322K [0x0000000080000000, 0x0000000100000000)
  region size 1024K, 1 young (1024K), 1 survivors (1024K)
 Metaspace       used 70674K, committed 71168K, reserved 1114112K
  class space    used 9315K, committed 9536K, reserved 1048576K
}
Event: 45.614 GC heap before
{Heap before GC invocations=43 (full 0):
 garbage-first heap   total 102400K, used 77778K [0x0000000080000000, 0x0000000100000000)
  region size 1024K, 20 young (20480K), 1 survivors (1024K)
 Metaspace       used 72288K, committed 72832K, reserved 1114112K
  class space    used 9529K, committed 9792K, reserved 1048576K
}
Event: 45.619 GC heap after
{Heap after GC invocations=44 (full 0):
 garbage-first heap   total 229376K, used 59887K [0x0000000080000000, 0x0000000100000000)
  region size 1024K, 2 young (2048K), 2 survivors (2048K)
 Metaspace       used 72288K, committed 72832K, reserved 1114112K
  class space    used 9529K, committed 9792K, reserved 1048576K
}
Event: 50.534 GC heap before
{Heap before GC invocations=44 (full 0):
 garbage-first heap   total 229376K, used 151023K [0x0000000080000000, 0x0000000100000000)
  region size 1024K, 91 young (93184K), 2 survivors (2048K)
 Metaspace       used 79279K, committed 79808K, reserved 1122304K
  class space    used 10691K, committed 10944K, reserved 1048576K
}
Event: 50.545 GC heap after
{Heap after GC invocations=45 (full 0):
 garbage-first heap   total 229376K, used 65912K [0x0000000080000000, 0x0000000100000000)
  region size 1024K, 8 young (8192K), 8 survivors (8192K)
 Metaspace       used 79279K, committed 79808K, reserved 1122304K
  class space    used 10691K, committed 10944K, reserved 1048576K
}

