# JRE version: OpenJDK Runtime Environment (17.0.6) (build 17.0.6+0-b2043.56-10027231)
# Java VM: OpenJDK 64-Bit Server VM (17.0.6+0-b2043.56-10027231, mixed mode, tiered, compressed oops, compressed class ptrs, g1 gc, windows-amd64)
GC Precious Log:
 CPUs: 8 total, 8 available
 Memory: 12285M
 Large Page Support: Disabled
 NUMA Support: Disabled
 Compressed Oops: Enabled (32-bit)
 Heap Region Size: 1M
 Heap Min Capacity: 8M
 Heap Initial Capacity: 192M
 Heap Max Capacity: 2G
 Pre-touch: Disabled
 Parallel Workers: 8
 Concurrent Workers: 2
 Concurrent Refinement Workers: 8
 Periodic GC: Disabled
Heap:
 garbage-first heap   total 247808K, used 154892K [0x0000000080000000, 0x0000000100000000)
  region size 1024K, 2 young (2048K), 2 survivors (2048K)
 Metaspace       used 146614K, committed 147520K, reserved 1179648K
  class space    used 19732K, committed 20160K, reserved 1048576K
GC Heap History (20 events):
Event: 35.363 GC heap after
{Heap after GC invocations=47 (full 0):
 garbage-first heap   total 202752K, used 110402K [0x0000000080000000, 0x0000000100000000)
  region size 1024K, 7 young (7168K), 7 survivors (7168K)
 Metaspace       used 100438K, committed 101184K, reserved 1138688K
  class space    used 13342K, committed 13696K, reserved 1048576K
}
Event: 35.381 GC heap before
{Heap before GC invocations=47 (full 0):
 garbage-first heap   total 202752K, used 112450K [0x0000000080000000, 0x0000000100000000)
  region size 1024K, 9 young (9216K), 7 survivors (7168K)
 Metaspace       used 100562K, committed 101248K, reserved 1138688K
  class space    used 13357K, committed 13696K, reserved 1048576K
}
Event: 35.387 GC heap after
{Heap after GC invocations=48 (full 0):
 garbage-first heap   total 247808K, used 104518K [0x0000000080000000, 0x0000000100000000)
  region size 1024K, 2 young (2048K), 2 survivors (2048K)
 Metaspace       used 100562K, committed 101248K, reserved 1138688K
  class space    used 13357K, committed 13696K, reserved 1048576K
}
Event: 37.511 GC heap before
{Heap before GC invocations=48 (full 0):
 garbage-first heap   total 247808K, used 188486K [0x0000000080000000, 0x0000000100000000)
  region size 1024K, 85 young (87040K), 2 survivors (2048K)
 Metaspace       used 105254K, committed 105920K, reserved 1146880K
  class space    used 13940K, committed 14272K, reserved 1048576K
}
Event: 37.522 GC heap after
{Heap after GC invocations=49 (full 0):
 garbage-first heap   total 247808K, used 109572K [0x0000000080000000, 0x0000000100000000)
  region size 1024K, 7 young (7168K), 7 survivors (7168K)
 Metaspace       used 105254K, committed 105920K, reserved 1146880K
  class space    used 13940K, committed 14272K, reserved 1048576K
}
Event: 46.243 GC heap before
{Heap before GC invocations=49 (full 0):
 garbage-first heap   total 247808K, used 191492K [0x0000000080000000, 0x0000000100000000)
  region size 1024K, 88 young (90112K), 7 survivors (7168K)
 Metaspace       used 107258K, committed 107968K, reserved 1146880K
  class space    used 14184K, committed 14528K, reserved 1048576K
}
Event: 46.254 GC heap after
{Heap after GC invocations=50 (full 0):
 garbage-first heap   total 247808K, used 116665K [0x0000000080000000, 0x0000000100000000)
  region size 1024K, 7 young (7168K), 7 survivors (7168K)
 Metaspace       used 107258K, committed 107968K, reserved 1146880K
  class space    used 14184K, committed 14528K, reserved 1048576K
}
Event: 49.935 GC heap before
{Heap before GC invocations=50 (full 0):
 garbage-first heap   total 247808K, used 196537K [0x0000000080000000, 0x0000000100000000)
  region size 1024K, 84 young (86016K), 7 survivors (7168K)
 Metaspace       used 115467K, committed 116160K, reserved 1155072K
  class space    used 15219K, committed 15552K, reserved 1048576K
}
Event: 49.957 GC heap after
{Heap after GC invocations=51 (full 0):
 garbage-first heap   total 247808K, used 132217K [0x0000000080000000, 0x0000000100000000)
  region size 1024K, 11 young (11264K), 11 survivors (11264K)
 Metaspace       used 115467K, committed 116160K, reserved 1155072K
  class space    used 15219K, committed 15552K, reserved 1048576K
}
Event: 51.690 GC heap before
{Heap before GC invocations=51 (full 0):
 garbage-first heap   total 247808K, used 195705K [0x0000000080000000, 0x0000000100000000)
  region size 1024K, 73 young (74752K), 11 survivors (11264K)
 Metaspace       used 126283K, committed 127040K, reserved 1163264K
  class space    used 16471K, committed 16832K, reserved 1048576K
}
Event: 51.706 GC heap after
{Heap after GC invocations=52 (full 0):
 garbage-first heap   total 247808K, used 137948K [0x0000000080000000, 0x0000000100000000)
  region size 1024K, 5 young (5120K), 5 survivors (5120K)
 Metaspace       used 126283K, committed 127040K, reserved 1163264K
  class space    used 16471K, committed 16832K, reserved 1048576K
}
Event: 53.105 GC heap before
{Heap before GC invocations=52 (full 0):
 garbage-first heap   total 247808K, used 200412K [0x0000000080000000, 0x0000000100000000)
  region size 1024K, 65 young (66560K), 5 survivors (5120K)
 Metaspace       used 129230K, committed 130112K, reserved 1163264K
  class space    used 16817K, committed 17216K, reserved 1048576K
}
Event: 53.115 GC heap after
{Heap after GC invocations=53 (full 0):
 garbage-first heap   total 247808K, used 141020K [0x0000000080000000, 0x0000000100000000)
  region size 1024K, 8 young (8192K), 8 survivors (8192K)
 Metaspace       used 129230K, committed 130112K, reserved 1163264K
  class space    used 16817K, committed 17216K, reserved 1048576K
}
Event: 53.708 GC heap before
{Heap before GC invocations=53 (full 0):
 garbage-first heap   total 247808K, used 201436K [0x0000000080000000, 0x0000000100000000)
  region size 1024K, 68 young (69632K), 8 survivors (8192K)
 Metaspace       used 137156K, committed 138112K, reserved 1171456K
  class space    used 18042K, committed 18496K, reserved 1048576K
}
Event: 53.725 GC heap after
{Heap after GC invocations=54 (full 0):
 garbage-first heap   total 247808K, used 150961K [0x0000000080000000, 0x0000000100000000)
  region size 1024K, 9 young (9216K), 9 survivors (9216K)
 Metaspace       used 137156K, committed 138112K, reserved 1171456K
  class space    used 18042K, committed 18496K, reserved 1048576K
}
Event: 54.251 GC heap before
{Heap before GC invocations=54 (full 0):
 garbage-first heap   total 247808K, used 200113K [0x0000000080000000, 0x0000000100000000)
  region size 1024K, 58 young (59392K), 9 survivors (9216K)
 Metaspace       used 143363K, committed 144192K, reserved 1179648K
  class space    used 19310K, committed 19712K, reserved 1048576K
}
Event: 54.263 GC heap after
{Heap after GC invocations=55 (full 0):
 garbage-first heap   total 247808K, used 154683K [0x0000000080000000, 0x0000000100000000)
  region size 1024K, 4 young (4096K), 4 survivors (4096K)
 Metaspace       used 143363K, committed 144192K, reserved 1179648K
  class space    used 19310K, committed 19712K, reserved 1048576K
}
Event: 54.570 GC heap before
{Heap before GC invocations=55 (full 0):
 garbage-first heap   total 247808K, used 202811K [0x0000000080000000, 0x0000000100000000)
  region size 1024K, 52 young (53248K), 4 survivors (4096K)
 Metaspace       used 145071K, committed 145984K, reserved 1179648K
  class space    used 19545K, committed 19968K, reserved 1048576K
}
Event: 54.577 GC heap after
{Heap after GC invocations=56 (full 0):
 garbage-first heap   total 247808K, used 155670K [0x0000000080000000, 0x0000000100000000)
  region size 1024K, 5 young (5120K), 5 survivors (5120K)
 Metaspace       used 145071K, committed 145984K, reserved 1179648K
  class space    used 19545K, committed 19968K, reserved 1048576K
}
Event: 54.927 GC heap before
{Heap before GC invocations=56 (full 0):
 garbage-first heap   total 247808K, used 204822K [0x0000000080000000, 0x0000000100000000)
  region size 1024K, 54 young (55296K), 5 survivors (5120K)
 Metaspace       used 146614K, committed 147520K, reserved 1179648K
  class space    used 19732K, committed 20160K, reserved 1048576K
}

